<?xml version="1.0" encoding="UTF-8" ?>
<testsuite tests="15" failures="0" name="TestSuite" time="3.612" errors="0" skipped="0">
  <properties>
[...]
</properties>
  <testcase classname="runner.TestRunner" name="runScenario" time="1.794"/>
  <testcase classname="runner.TestRunner" name="runScenario" time="0.147"/>
  <testcase classname="runner.TestRunner" name="runScenario" time="0.175"/>
  <testcase classname="runner.TestRunner" name="runScenario" time="0.154"/>
  <testcase classname="runner.TestRunner" name="runScenario" time="0.125"/>
  <testcase classname="runner.TestRunner" name="runScenario" time="0.158"/>
  <testcase classname="runner.TestRunner" name="runScenario" time="0.13"/>
  <testcase classname="runner.TestRunner" name="runScenario" time="0.125"/>
  <testcase classname="runner.TestRunner" name="runScenario" time="0.137"/>
  <testcase classname="runner.TestRunner" name="runScenario" time="0.101"/>
  <testcase classname="runner.TestRunner" name="runScenario" time="0.113"/>
  <testcase classname="runner.TestRunner" name="runScenario" time="0.096"/>
  <testcase classname="runner.TestRunner" name="runScenario" time="0.111"/>
  <testcase classname="runner.TestRunner" name="runScenario" time="0.133"/>
  <testcase classname="runner.TestRunner" name="runScenario" time="0.113"/>
</testsuite>