<?xml version="1.0" encoding="UTF-8"?>
<testng-results ignored="0" total="15" passed="15" failed="0" skipped="0">
  <reporter-output>
  </reporter-output>
  <suite started-at="2022-08-16T15:05:15 IST" name="All Test Suite" finished-at="2022-08-16T15:05:22 IST" duration-ms="6826">
    <groups>
      <group name="cucumber">
        <method signature="AbstractTestNGCucumberTests.runScenario(io.cucumber.testng.PickleWrapper,io.cucumber.testng.FeatureWrapper)[pri:0, instance:runner.TestRunner@3d121db3]" name="runScenario" class="io.cucumber.testng.AbstractTestNGCucumberTests"/>
      </group> <!-- cucumber -->
    </groups>
    <test started-at="2022-08-16T15:05:15 IST" name="C:/Intel/EmployeeController" finished-at="2022-08-16T15:05:22 IST" duration-ms="6826">
      <class name="runner.TestRunner">
        <test-method is-config="true" signature="setUpClass()[pri:0, instance:runner.TestRunner@3d121db3]" started-at="2022-08-16T15:05:16 IST" name="setUpClass" finished-at="2022-08-16T15:05:16 IST" duration-ms="476" status="PASS">
          <reporter-output>
          </reporter-output>
        </test-method> <!-- setUpClass -->
        <test-method signature="runScenario(io.cucumber.testng.PickleWrapper,io.cucumber.testng.FeatureWrapper)[pri:0, instance:runner.TestRunner@3d121db3]" started-at="2022-08-16T15:05:16 IST" name="runScenario" description="Runs Cucumber Scenarios" data-provider="scenarios" finished-at="2022-08-16T15:05:18 IST" duration-ms="1793" status="PASS">
          <params>
            <param index="0">
              <value>
                <![CDATA["Verify that an Employee details"]]>
              </value>
            </param>
            <param index="1">
              <value>
                <![CDATA["Optional[EmployeeController Feature]"]]>
              </value>
            </param>
          </params>
          <reporter-output>
          </reporter-output>
        </test-method> <!-- runScenario -->
        <test-method signature="runScenario(io.cucumber.testng.PickleWrapper,io.cucumber.testng.FeatureWrapper)[pri:0, instance:runner.TestRunner@3d121db3]" started-at="2022-08-16T15:05:18 IST" name="runScenario" description="Runs Cucumber Scenarios" data-provider="scenarios" finished-at="2022-08-16T15:05:18 IST" duration-ms="146" status="PASS">
          <params>
            <param index="0">
              <value>
                <![CDATA["Verify that Employee details"]]>
              </value>
            </param>
            <param index="1">
              <value>
                <![CDATA["Optional[EmployeeController Feature]"]]>
              </value>
            </param>
          </params>
          <reporter-output>
          </reporter-output>
        </test-method> <!-- runScenario -->
        <test-method signature="runScenario(io.cucumber.testng.PickleWrapper,io.cucumber.testng.FeatureWrapper)[pri:0, instance:runner.TestRunner@3d121db3]" started-at="2022-08-16T15:05:18 IST" name="runScenario" description="Runs Cucumber Scenarios" data-provider="scenarios" finished-at="2022-08-16T15:05:18 IST" duration-ms="176" status="PASS">
          <params>
            <param index="0">
              <value>
                <![CDATA["Verify that an Employee is updated"]]>
              </value>
            </param>
            <param index="1">
              <value>
                <![CDATA["Optional[EmployeeController Feature]"]]>
              </value>
            </param>
          </params>
          <reporter-output>
          </reporter-output>
        </test-method> <!-- runScenario -->
        <test-method signature="runScenario(io.cucumber.testng.PickleWrapper,io.cucumber.testng.FeatureWrapper)[pri:0, instance:runner.TestRunner@3d121db3]" started-at="2022-08-16T15:05:18 IST" name="runScenario" description="Runs Cucumber Scenarios" data-provider="scenarios" finished-at="2022-08-16T15:05:19 IST" duration-ms="155" status="PASS">
          <params>
            <param index="0">
              <value>
                <![CDATA["Verify that an Employee is deleted"]]>
              </value>
            </param>
            <param index="1">
              <value>
                <![CDATA["Optional[EmployeeController Feature]"]]>
              </value>
            </param>
          </params>
          <reporter-output>
          </reporter-output>
        </test-method> <!-- runScenario -->
        <test-method signature="runScenario(io.cucumber.testng.PickleWrapper,io.cucumber.testng.FeatureWrapper)[pri:0, instance:runner.TestRunner@3d121db3]" started-at="2022-08-16T15:05:19 IST" name="runScenario" description="Runs Cucumber Scenarios" data-provider="scenarios" finished-at="2022-08-16T15:05:19 IST" duration-ms="125" status="PASS">
          <params>
            <param index="0">
              <value>
                <![CDATA["Verify that error is thrown when endpoint not given"]]>
              </value>
            </param>
            <param index="1">
              <value>
                <![CDATA["Optional[EmployeeController Feature]"]]>
              </value>
            </param>
          </params>
          <reporter-output>
          </reporter-output>
        </test-method> <!-- runScenario -->
        <test-method signature="runScenario(io.cucumber.testng.PickleWrapper,io.cucumber.testng.FeatureWrapper)[pri:0, instance:runner.TestRunner@3d121db3]" started-at="2022-08-16T15:05:19 IST" name="runScenario" description="Runs Cucumber Scenarios" data-provider="scenarios" finished-at="2022-08-16T15:05:19 IST" duration-ms="153" status="PASS">
          <params>
            <param index="0">
              <value>
                <![CDATA["Verify that error is thrown when incorrect id given"]]>
              </value>
            </param>
            <param index="1">
              <value>
                <![CDATA["Optional[EmployeeController Feature]"]]>
              </value>
            </param>
          </params>
          <reporter-output>
          </reporter-output>
        </test-method> <!-- runScenario -->
        <test-method signature="runScenario(io.cucumber.testng.PickleWrapper,io.cucumber.testng.FeatureWrapper)[pri:0, instance:runner.TestRunner@3d121db3]" started-at="2022-08-16T15:05:19 IST" name="runScenario" description="Runs Cucumber Scenarios" data-provider="scenarios" finished-at="2022-08-16T15:05:19 IST" duration-ms="135" status="PASS">
          <params>
            <param index="0">
              <value>
                <![CDATA["Verify that error is thrown when firstName is not given"]]>
              </value>
            </param>
            <param index="1">
              <value>
                <![CDATA["Optional[EmployeeController Feature]"]]>
              </value>
            </param>
          </params>
          <reporter-output>
          </reporter-output>
        </test-method> <!-- runScenario -->
        <test-method signature="runScenario(io.cucumber.testng.PickleWrapper,io.cucumber.testng.FeatureWrapper)[pri:0, instance:runner.TestRunner@3d121db3]" started-at="2022-08-16T15:05:19 IST" name="runScenario" description="Runs Cucumber Scenarios" data-provider="scenarios" finished-at="2022-08-16T15:05:19 IST" duration-ms="125" status="PASS">
          <params>
            <param index="0">
              <value>
                <![CDATA["Verify that error is thrown when lastName is not given"]]>
              </value>
            </param>
            <param index="1">
              <value>
                <![CDATA["Optional[EmployeeController Feature]"]]>
              </value>
            </param>
          </params>
          <reporter-output>
          </reporter-output>
        </test-method> <!-- runScenario -->
        <test-method signature="runScenario(io.cucumber.testng.PickleWrapper,io.cucumber.testng.FeatureWrapper)[pri:0, instance:runner.TestRunner@3d121db3]" started-at="2022-08-16T15:05:19 IST" name="runScenario" description="Runs Cucumber Scenarios" data-provider="scenarios" finished-at="2022-08-16T15:05:19 IST" duration-ms="138" status="PASS">
          <params>
            <param index="0">
              <value>
                <![CDATA["Verify that error is thrown when address is not given"]]>
              </value>
            </param>
            <param index="1">
              <value>
                <![CDATA["Optional[EmployeeController Feature]"]]>
              </value>
            </param>
          </params>
          <reporter-output>
          </reporter-output>
        </test-method> <!-- runScenario -->
        <test-method signature="runScenario(io.cucumber.testng.PickleWrapper,io.cucumber.testng.FeatureWrapper)[pri:0, instance:runner.TestRunner@3d121db3]" started-at="2022-08-16T15:05:19 IST" name="runScenario" description="Runs Cucumber Scenarios" data-provider="scenarios" finished-at="2022-08-16T15:05:19 IST" duration-ms="102" status="PASS">
          <params>
            <param index="0">
              <value>
                <![CDATA["Verify that error is thrown when phoneNumber is not given"]]>
              </value>
            </param>
            <param index="1">
              <value>
                <![CDATA["Optional[EmployeeController Feature]"]]>
              </value>
            </param>
          </params>
          <reporter-output>
          </reporter-output>
        </test-method> <!-- runScenario -->
        <test-method signature="runScenario(io.cucumber.testng.PickleWrapper,io.cucumber.testng.FeatureWrapper)[pri:0, instance:runner.TestRunner@3d121db3]" started-at="2022-08-16T15:05:19 IST" name="runScenario" description="Runs Cucumber Scenarios" data-provider="scenarios" finished-at="2022-08-16T15:05:20 IST" duration-ms="113" status="PASS">
          <params>
            <param index="0">
              <value>
                <![CDATA["Verify that error is thrown when ID is not given"]]>
              </value>
            </param>
            <param index="1">
              <value>
                <![CDATA["Optional[EmployeeController Feature]"]]>
              </value>
            </param>
          </params>
          <reporter-output>
          </reporter-output>
        </test-method> <!-- runScenario -->
        <test-method signature="runScenario(io.cucumber.testng.PickleWrapper,io.cucumber.testng.FeatureWrapper)[pri:0, instance:runner.TestRunner@3d121db3]" started-at="2022-08-16T15:05:20 IST" name="runScenario" description="Runs Cucumber Scenarios" data-provider="scenarios" finished-at="2022-08-16T15:05:20 IST" duration-ms="97" status="PASS">
          <params>
            <param index="0">
              <value>
                <![CDATA["Verify that error is thrown when ID is not given"]]>
              </value>
            </param>
            <param index="1">
              <value>
                <![CDATA["Optional[EmployeeController Feature]"]]>
              </value>
            </param>
          </params>
          <reporter-output>
          </reporter-output>
        </test-method> <!-- runScenario -->
        <test-method signature="runScenario(io.cucumber.testng.PickleWrapper,io.cucumber.testng.FeatureWrapper)[pri:0, instance:runner.TestRunner@3d121db3]" started-at="2022-08-16T15:05:20 IST" name="runScenario" description="Runs Cucumber Scenarios" data-provider="scenarios" finished-at="2022-08-16T15:05:20 IST" duration-ms="111" status="PASS">
          <params>
            <param index="0">
              <value>
                <![CDATA["Verify that error is thrown when firstName is not given"]]>
              </value>
            </param>
            <param index="1">
              <value>
                <![CDATA["Optional[EmployeeController Feature]"]]>
              </value>
            </param>
          </params>
          <reporter-output>
          </reporter-output>
        </test-method> <!-- runScenario -->
        <test-method signature="runScenario(io.cucumber.testng.PickleWrapper,io.cucumber.testng.FeatureWrapper)[pri:0, instance:runner.TestRunner@3d121db3]" started-at="2022-08-16T15:05:20 IST" name="runScenario" description="Runs Cucumber Scenarios" data-provider="scenarios" finished-at="2022-08-16T15:05:20 IST" duration-ms="132" status="PASS">
          <params>
            <param index="0">
              <value>
                <![CDATA["Verify that error is thrown when address is not given"]]>
              </value>
            </param>
            <param index="1">
              <value>
                <![CDATA["Optional[EmployeeController Feature]"]]>
              </value>
            </param>
          </params>
          <reporter-output>
          </reporter-output>
        </test-method> <!-- runScenario -->
        <test-method signature="runScenario(io.cucumber.testng.PickleWrapper,io.cucumber.testng.FeatureWrapper)[pri:0, instance:runner.TestRunner@3d121db3]" started-at="2022-08-16T15:05:20 IST" name="runScenario" description="Runs Cucumber Scenarios" data-provider="scenarios" finished-at="2022-08-16T15:05:20 IST" duration-ms="112" status="PASS">
          <params>
            <param index="0">
              <value>
                <![CDATA["Verify that error is thrown when phoneNumber is not given"]]>
              </value>
            </param>
            <param index="1">
              <value>
                <![CDATA["Optional[EmployeeController Feature]"]]>
              </value>
            </param>
          </params>
          <reporter-output>
          </reporter-output>
        </test-method> <!-- runScenario -->
        <test-method is-config="true" signature="tearDownClass()[pri:0, instance:runner.TestRunner@3d121db3]" started-at="2022-08-16T15:05:20 IST" name="tearDownClass" finished-at="2022-08-16T15:05:22 IST" duration-ms="2135" status="PASS">
          <reporter-output>
          </reporter-output>
        </test-method> <!-- tearDownClass -->
      </class> <!-- runner.TestRunner -->
    </test> <!-- C:/Intel/EmployeeController -->
  </suite> <!-- All Test Suite -->
</testng-results>
